"../../../../../Assignment game file/Content/StarterContent/Audio/Starter_Birds01.uasset" 0
"../../../../../Assignment game file/Content/StarterContent/Audio/Starter_Wind05.uasset" 1
"../../../../../Assignment game file/Content/StarterContent/Audio/Starter_Wind06.uasset" 2
"../../../Engine/Content/EngineMaterials/T_Default_Material_Grid_N.uasset" 3
"../../../Engine/Content/EngineMaterials/T_Default_Material_Grid_M.uasset" 4
"../../../Engine/Content/Functions/Engine_MaterialFunctions01/Opacity/CameraDepthFade.uasset" 5
"../../../Engine/Content/EngineMaterials/WorldGridMaterial.uasset" 6
"../../../Engine/Content/ArtTools/RenderToTexture/Meshes/S_1_Unit_Plane.uasset" 7
"../../../Engine/Content/EngineMaterials/DefaultMaterial.uasset" 8
"../../../Engine/Content/BasicShapes/Cone.uasset" 9
"../../../Engine/Content/EditorLandscapeResources/DataLayer.uasset" 10
"../../../Engine/Content/EditorLandscapeResources/DefaultAlphaTexture.uasset" 11
"../../../Engine/Content/EditorMaterials/MAT_Groups_Toggle.uasset" 12
"../../../Engine/Content/EditorMaterials/MAT_Groups_Visibility.uasset" 13
"../../../Engine/Content/EditorMaterials/PreviewShadowIndicator.uasset" 14
"../../../Engine/Content/EditorMaterials/PreviewShadowIndicatorMaterial.uasset" 15
"../../../Engine/Content/EditorMaterials/MatineeGroups/MAT_ColorTrack.uasset" 16
"../../../Engine/Content/EditorMaterials/MatineeGroups/MAT_Groups_Anim.uasset" 17
"../../../Engine/Content/EditorMaterials/MatineeGroups/MAT_Groups_AudioMaster.uasset" 18
"../../../Engine/Content/EditorMaterials/MatineeGroups/MAT_Groups_Director.uasset" 19
"../../../Engine/Content/EditorMaterials/MatineeGroups/MAT_Groups_Event.uasset" 20
"../../../Engine/Content/EditorMaterials/MatineeGroups/MAT_Groups_Fade.uasset" 21
"../../../Engine/Content/EditorMaterials/MatineeGroups/MAT_Groups_Float.uasset" 22
"../../../Engine/Content/EditorMaterials/MatineeGroups/MAT_Groups_Move.uasset" 23
"../../../Engine/Content/EditorMaterials/MatineeGroups/MAT_Groups_Slomo.uasset" 24
"../../../Engine/Content/EditorMaterials/MatineeGroups/MAT_Groups_Sound.uasset" 25
"../../../Engine/Content/EditorMaterials/MatineeGroups/MAT_Groups_Vector.uasset" 26
"../../../Engine/Content/EditorMaterials/ParticleSystems/PSysThumbnail_NoImage.uasset" 27
"../../../Engine/Content/EditorMaterials/ParticleSystems/PSysThumbnail_OOD.uasset" 28
"../../../Engine/Content/EditorMaterials/Camera/CineMat.uasset" 29
"../../../Engine/Content/EditorMaterials/Camera/MI_CineMat_Rig.uasset" 30
"../../../Engine/Content/EditorMeshes/Camera/SM_CraneRig_Arm.uasset" 31
"../../../Engine/Content/EditorMeshes/Camera/SM_CraneRig_Base.uasset" 32
"../../../Engine/Content/EditorMeshes/Camera/SM_CraneRig_Body.uasset" 33
"../../../Engine/Content/EditorMeshes/Camera/SM_CraneRig_Mount.uasset" 34
"../../../Engine/Content/EditorMeshes/Camera/SM_RailRig_Mount.uasset" 35
"../../../Engine/Content/EditorMeshes/Camera/SM_RailRig_Track.uasset" 36
"../../../Engine/Content/EditorResources/BSPVertex.uasset" 37
"../../../Engine/Content/EditorResources/EmptyActor.uasset" 38
"../../../Engine/Content/EditorResources/S_Actor.uasset" 39
"../../../Engine/Content/EditorResources/S_Note.uasset" 40
"../../../Engine/Content/EditorResources/S_Solver.uasset" 41
"../../../Engine/Content/EditorResources/S_Terrain.uasset" 42
"../../../Engine/Content/EditorResources/S_Trigger.uasset" 43
"../../../Engine/Content/EditorResources/SequenceRecorder/Countdown.uasset" 44
"../../../Engine/Content/EditorResources/SequenceRecorder/RecordingIndicator.uasset" 45
"../../../Engine/Content/EngineDamageTypes/DmgTypeBP_Environmental.uasset" 46
"../../../Engine/Content/EngineDebugMaterials/DebugEditorMaterial.uasset" 47
"../../../Engine/Content/EngineDebugMaterials/DebugMeshMaterial.uasset" 48
"../../../Engine/Content/EngineDebugMaterials/M_SimpleUnlitTranslucent.uasset" 49
"../../../Engine/Content/EngineDebugMaterials/VolumeToRender.uasset" 50
"../../../Engine/Content/Functions/Engine_MaterialFunctions02/Utility/CameraDirectionVector.uasset" 51
"../../../Engine/Content/EngineDebugMaterials/M_VolumeRenderSphereTracePP.uasset" 52
"../../../Engine/Content/Functions/Engine_MaterialFunctions01/Shading/ConvertFromDiffSpec.uasset" 53
"../../../Engine/Content/EngineDebugMaterials/VertexColorMaterial.uasset" 54
"../../../Engine/Content/EngineDebugMaterials/WireframeMaterial.uasset" 55
"../../../Engine/Content/EngineFonts/Faces/RobotoRegular.uasset" 56
"../../../Engine/Content/EngineFonts/Faces/RobotoLight.uasset" 57
"../../../Engine/Content/EngineFonts/Faces/RobotoItalic.uasset" 58
"../../../Engine/Content/EngineFonts/Faces/RobotoBoldItalic.uasset" 59
"../../../Engine/Content/EngineFonts/Faces/RobotoBold.uasset" 60
"../../../Engine/Content/EngineFonts/Faces/DroidSansFallback.uasset" 61
"../../../Engine/Content/EngineFonts/Roboto.uasset" 62
"../../../Engine/Content/EngineMaterials/BaseFlattenNormalMap.uasset" 63
"../../../Engine/Content/EngineMaterials/BaseFlattenGrayscaleMap.uasset" 64
"../../../Engine/Content/EngineMaterials/BaseFlattenEmissiveMap.uasset" 65
"../../../Engine/Content/EngineMaterials/BaseFlattenDiffuseMap.uasset" 66
"../../../Engine/Content/EngineMaterials/BaseFlattenMaterial.uasset" 67
"../../../Engine/Content/EngineMaterials/BlueNoise.uasset" 68
"../../../Engine/Content/EngineMaterials/DefaultBloomKernel.uasset" 69
"../../../Engine/Content/EngineMaterials/DefaultBokeh.uasset" 70
"../../../Engine/Content/EngineMaterials/DefaultDiffuse.uasset" 71
"../../../Engine/Content/EngineMaterials/DefaultDeferredDecalMaterial.uasset" 72
"../../../Engine/Content/EngineMaterials/DefaultLightFunctionMaterial.uasset" 73
"../../../Engine/Content/EngineMaterials/DefaultPhysicalMaterial.uasset" 74
"../../../Engine/Content/Functions/Engine_MaterialFunctions02/Utility/BreakOutFloat2Components.uasset" 75
"../../../Engine/Content/EngineMaterials/DefaultPostProcessMaterial.uasset" 76
"../../../Engine/Content/EngineFonts/RobotoDistanceField.uasset" 77
"../../../Engine/Content/EngineMaterials/DefaultTextMaterialOpaque.uasset" 78
"../../../Engine/Content/EngineMaterials/DefaultWhiteGrid.uasset" 79
"../../../Engine/Content/EngineMaterials/DefaultWhiteGrid_Low.uasset" 80
"../../../Engine/Content/EngineMaterials/EmissiveMeshMaterial.uasset" 81
"../../../Engine/Content/EngineMaterials/GizmoMaterial.uasset" 82
"../../../Engine/Content/EngineMaterials/Good64x64TilingNoiseHighFreq.uasset" 83
"../../../Engine/Content/EngineMaterials/MiniFont.uasset" 84
"../../../Engine/Content/EngineMaterials/InvalidLightmapSettings.uasset" 85
"../../../Engine/Content/EngineMaterials/M_InvalidLightmapSettings.uasset" 86
"../../../Engine/Content/Functions/Engine_MaterialFunctions02/WorldPositionOffset/CameraOffset.uasset" 87
"../../../Engine/Content/EngineMaterials/PhAT_JointLimitMaterial.uasset" 88
"../../../Engine/Content/EngineMaterials/PreintegratedSkinBRDF.uasset" 89
"../../../Engine/Content/EngineMaterials/RemoveSurfaceMaterial.uasset" 90
"../../../Engine/Content/EngineMaterials/WeightMapPlaceholderTexture.uasset" 91
"../../../Engine/Content/EngineResources/WhiteSquareTexture.uasset" 92
"../../../Engine/Content/EngineMaterials/Widget3DPassThrough.uasset" 93
"../../../Engine/Content/EngineMaterials/Widget3DPassThrough_Masked.uasset" 94
"../../../Engine/Content/EngineMaterials/Widget3DPassThrough_Opaque.uasset" 95
"../../../Engine/Content/EngineMaterials/Widget3DPassThrough_Masked_OneSided.uasset" 96
"../../../Engine/Content/EngineMaterials/Widget3DPassThrough_Opaque_OneSided.uasset" 97
"../../../Engine/Content/EngineMaterials/Widget3DPassThrough_Translucent.uasset" 98
"../../../Engine/Content/EngineMaterials/Widget3DPassThrough_Translucent_OneSided.uasset" 99
"../../../Engine/Content/EngineMeshes/Cylinder.uasset" 100
"../../../Engine/Content/EngineMeshes/Sphere.uasset" 101
"../../../Engine/Content/EngineResources/Black.uasset" 102
"../../../Engine/Content/EngineResources/DefaultTextureCube.uasset" 103
"../../../Engine/Content/EngineResources/DefaultVolumeTexture2D.uasset" 104
"../../../Engine/Content/EngineResources/DefaultVolumeTexture.uasset" 105
"../../../Engine/Content/EngineResources/GradientTexture0.uasset" 106
"../../../Engine/Content/EngineSky/VolumetricClouds/T_NoiseShape64.uasset" 107
"../../../Engine/Content/EngineSky/VolumetricClouds/T_VolumeNoiseShape64.uasset" 108
"../../../Engine/Content/EngineSky/VolumetricClouds/T_NoiseErosion.uasset" 109
"../../../Engine/Content/EngineSky/VolumetricClouds/T_VolumeNoiseErosion32.uasset" 110
"../../../Engine/Content/EngineSky/VolumetricClouds/CloudWeatherTexture.uasset" 111
"../../../Engine/Content/EngineSky/VolumetricClouds/CloudGradientTexture.uasset" 112
"../../../Engine/Content/Functions/Engine_MaterialFunctions02/Utility/MakeFloat2.uasset" 113
"../../../Engine/Content/EngineSky/VolumetricClouds/m_SimpleVolumetricCloud.uasset" 114
"../../../Engine/Content/EngineSky/VolumetricClouds/m_SimpleVolumetricCloud_Inst.uasset" 115
"../../../Engine/Content/EngineSounds/Master.uasset" 116
"../../../Engine/Content/Functions/Engine_MaterialFunctions01/Shading/PowerToRoughness.uasset" 117
"../../../Engine/Content/Maps/Templates/Thumbnails/Default.uasset" 118
"../../../Engine/Content/Maps/Templates/Thumbnails/TimeOfDay.uasset" 119
"../../../Engine/Content/Maps/Templates/Thumbnails/VR-Basic.uasset" 120
"../../../Engine/Content/MobileResources/T_MobileControls_texture.uasset" 121
"../../../Engine/Content/MobileResources/T_MobileMenu2.uasset" 122
"../../../Engine/Content/MobileResources/HUD/AnalogHat.uasset" 123
"../../../Engine/Content/MobileResources/HUD/VirtualJoystick_Thumb.uasset" 124
"../../../Engine/Content/MobileResources/HUD/VirtualJoystick_Background.uasset" 125
"../../../Engine/Content/MobileResources/HUD/DefaultVirtualJoysticks.uasset" 126
"../../../Engine/Content/MobileResources/HUD/LeftVirtualJoystickOnly.uasset" 127
"../../../Engine/Content/MobileResources/HUD/MobileHUDButton1_off.uasset" 128
"../../../Engine/Content/MobileResources/HUD/MobileHUDButton1_on.uasset" 129
"../../../Engine/Content/MobileResources/HUD/MobileHUDButton2_off.uasset" 130
"../../../Engine/Content/MobileResources/HUD/MobileHUDButton2_on.uasset" 131
"../../../Engine/Content/MobileResources/HUD/MobileHUDButton3.uasset" 132
"../../../Engine/Content/MobileResources/HUD/MobileHUDButtonFire.uasset" 133
"../../../Engine/Content/MobileResources/HUD/MobileHUDDirectionPad.uasset" 134
"../../../Engine/Content/MobileResources/HUD/MobileHUDDirectionPad2.uasset" 135
"../../../Engine/Content/MobileResources/HUD/MobileHUDDirectionPad3.uasset" 136
"../../../Engine/Content/MobileResources/HUD/MobileHUDDirectionStick.uasset" 137
"../../../Engine/Content/MobileResources/HUD/T_Castle_ThumbstickInner.uasset" 138
"../../../Engine/Content/MobileResources/HUD/T_Castle_ThumbstickOutter.uasset" 139
"../../../Engine/Content/Tutorial/ContentIntroCurve.uasset" 140
"../../../Engine/Content/Tutorial/Basics/LevelEditorAttract.uasset" 141
"../../../Engine/Content/Tutorial/BlueprintTutorials/TutorialAssets/Blueprint_64x.uasset" 142
"../../../Engine/Content/Tutorial/BlueprintTutorials/BlueprintEditorTutorial.uasset" 143
"../../../Engine/Content/Tutorial/SubEditors/MaterialEditorTutorial.uasset" 144
"../../../Engine/Content/Tutorial/SubEditors/TutorialAssets/TutorialMaterial.uasset" 145
"../../../Engine/Content/VREditor/TransformGizmo/TranslucentTransformGizmoMaterial.uasset" 146
"../../../Engine/Content/VREditor/LaserPointer/VR_LaserPower_01.uasset" 147
"../../../Engine/Content/VREditor/TransformGizmo/TransformGizmoMaterial.uasset" 148
"../../../Engine/Content/VREditor/TransformGizmo/BoundingBoxCorner.uasset" 149
"../../../Engine/Content/VREditor/TransformGizmo/BoundingBoxEdge.uasset" 150
"../../../Engine/Content/VREditor/TransformGizmo/PlaneTranslationHandle.uasset" 151
"../../../Engine/Content/VREditor/TransformGizmo/Xray.uasset" 152
"../../../Engine/Content/VREditor/TransformGizmo/Main.uasset" 153
"../../../Engine/Content/VREditor/TransformGizmo/SM_Sequencer_Key.uasset" 154
"../../../Engine/Content/VREditor/TransformGizmo/SM_Sequencer_Node.uasset" 155
"../../Plugins/2D/Paper2D/Content/PlaceholderTextures/DummySpriteTexture.uasset" 156
"../../Plugins/2D/Paper2D/Content/DummySprite.uasset" 157
"../../Plugins/2D/Paper2D/Content/DefaultPaperTerrainMaterial.uasset" 158
"../../Plugins/2D/Paper2D/Content/DefaultSpriteMaterial.uasset" 159
"../../Plugins/2D/Paper2D/Content/MaskedUnlitSpriteMaterial.uasset" 160
"../../Plugins/2D/Paper2D/Content/OpaqueUnlitSpriteMaterial.uasset" 161
"../../../Engine/Content/Functions/Engine_MaterialFunctions02/Utility/BreakOutFloat3Components.uasset" 162
"../../Plugins/Editor/SpeedTreeImporter/Content/SpeedTree9/UnpackInteger3.uasset" 163
"../../Plugins/Editor/SpeedTreeImporter/Content/SpeedTree9/UnpackDirection.uasset" 164
"../../Plugins/Editor/SpeedTreeImporter/Content/SpeedTree9/game_wind_noise.uasset" 165
"../../../Engine/Content/Functions/Engine_MaterialFunctions02/SafeNormalize.uasset" 166
"../../Plugins/Editor/SpeedTreeImporter/Content/SpeedTree9/SpeedTreeWindMotion.uasset" 167
"../../Plugins/Editor/SpeedTreeImporter/Content/SpeedTree9/SpeedTreeBranchMotion.uasset" 168
"../../../Engine/Content/Functions/Engine_MaterialFunctions02/ObjectLocalBounds.uasset" 169
"../../../Engine/Content/Functions/Engine_MaterialFunctions02/UVs/BoundingBoxBased_0-1_UVW.uasset" 170
"../../Plugins/Editor/SpeedTreeImporter/Content/SpeedTree9/SpeedTreeWind.uasset" 171
"../../Plugins/Editor/SpeedTreeImporter/Content/SpeedTree9/SpeedTreeBillboard.uasset" 172
"../../../Engine/Content/EngineResources/DefaultTexture.uasset" 173
"../../Plugins/Editor/SpeedTreeImporter/Content/SpeedTree9/SpeedTreeBillboardMaster.uasset" 174
"../../Plugins/Editor/SpeedTreeImporter/Content/SpeedTree9/SpeedTreeCameraFacing.uasset" 175
"../../Plugins/Editor/SpeedTreeImporter/Content/SpeedTree9/SpeedTreeMaster.uasset" 176
"../../../Engine/Content/BasicShapes/Cylinder.uasset" 177
"../../../Engine/Content/ArtTools/RenderToTexture/Materials/Debug/M_Emissive_Color.uasset" 178
"../../Plugins/Lumin/MagicLeapPassableWorld/Content/MagicLeapARPinInfoActor.uasset" 179
"../../../Engine/Content/Functions/Engine_MaterialFunctions02/Utility/BreakOutFloat4Components.uasset" 180
"../../../Engine/Content/Functions/Engine_MaterialFunctions02/Utility/MakeFloat3.uasset" 181
"../../Plugins/Runtime/Oculus/OculusVR/Content/Materials/OculusMR_ChromaKey.uasset" 182
"../../Plugins/Runtime/Oculus/OculusVR/Content/Materials/OculusMR_OpaqueColoredMaterial.uasset" 183
"../../Plugins/Runtime/Oculus/OculusVR/Content/Materials/PokeAHoleMaterial.uasset" 184
"../../../Engine/Content/VREditor/Sounds/UI/Click_on_Button.uasset" 185
"../../../../../Assignment game file/Content/AssignmentWork/UI/Button.uasset" 186
"../../../../../Assignment game file/Content/AssignmentWork/UI/Screenshot__127_.uasset" 187
"../../../../../Assignment game file/Content/AssignmentWork/UI/LoadingScreen.uasset" 188
"../../../../../Assignment game file/Content/AssignmentWork/UI/Screenshot__126_.uasset" 189
"../../../../../Assignment game file/Content/AssignmentWork/UI/mainmenu.uasset" 190
"../../../../../Assignment game file/Content/StarterContent/Audio/Starter_Background_Cue.uasset" 191
"../../../../../Assignment game file/Content/AssignmentWork/Maps/MainMenu.umap" 192
"../../../../../Assignment game file/Content/AssignmentWork/UI/GameOver.uasset" 193
"../../../Engine/Content/EditorMaterials/Cross.uasset" 194
"../../../../../Assignment game file/Content/AssignmentWork/UI/RedVignette.uasset" 195
"../../../../../Assignment game file/Content/SmallAdventureGameAssets/PlatformerAssets/IsometricIcons/coinGold.uasset" 196
"../../../../../Assignment game file/Content/SmallAdventureGameAssets/PlatformerAssets/IsometricIcons/heart.uasset" 197
"../../../../../Assignment game file/Content/SmallAdventureGameAssets/PlatformerAssets/IsometricIcons/key.uasset" 198
"../../../../../Assignment game file/Content/AssignmentWork/UI/Player_Hud.uasset" 199
"../../../../../Assignment game file/Content/SmallAdventureGameAssets/Skins/skin_adventurer.uasset" 200
"../../../../../Assignment game file/Content/SmallAdventureGameAssets/Skins/skin_adventurer_Mat.uasset" 201
"../../../../../Assignment game file/Content/SmallAdventureGameAssets/Characters/basicCharacter_Skeleton.uasset" 202
"../../../../../Assignment game file/Content/SmallAdventureGameAssets/Characters/basicCharacter.uasset" 203
"../../../Engine/Content/Animation/DefaultAnimBoneCompressionSettings.uasset" 204
"../../../Engine/Content/Animation/DefaultAnimCurveCompressionSettings.uasset" 205
"../../../../../Assignment game file/Content/SmallAdventureGameAssets/Characters/Animations/Standing_Death_Left_02.uasset" 206
"../../../../../Assignment game file/Content/SmallAdventureGameAssets/Characters/Animations/Standing_Melee_Attack_Horizontal.uasset" 207
"../../../../../Assignment game file/Content/SmallAdventureGameAssets/Characters/Animations/Standing_Melee_Attack_Horizontal_Montage1.uasset" 208
"../../../../../Assignment game file/Content/AssignmentWork/UI/PauseMEnu.uasset" 209
"../../../../../Assignment game file/Content/SmallAdventureGameAssets/Characters/Animations/Jump1.uasset" 210
"../../../../../Assignment game file/Content/SmallAdventureGameAssets/Characters/Animations/Jump2.uasset" 211
"../../../../../Assignment game file/Content/SmallAdventureGameAssets/Characters/Animations/Jump3.uasset" 212
"../../../../../Assignment game file/Content/SmallAdventureGameAssets/Characters/Animations/Standing_Idle.uasset" 213
"../../../../../Assignment game file/Content/AssignmentWork/Materials/Glow_Mat.uasset" 214
"../../../../../Assignment game file/Content/AssignmentWork/Materials/FireBall.uasset" 215
"../../../../../Assignment game file/Content/StarterContent/Audio/Explosion02.uasset" 216
"../../../Engine/Content/BasicShapes/Sphere.uasset" 217
"../../../Engine/Content/EditorBlueprintResources/StandardMacros.uasset" 218
"../../../../../Assignment game file/Content/StarterContent/Textures/T_Smoke_Tiled_D.uasset" 219
"../../../../../Assignment game file/Content/StarterContent/Textures/T_Smoke_SubUV.uasset" 220
"../../../../../Assignment game file/Content/StarterContent/Particles/Materials/M_smoke_subUV.uasset" 221
"../../../Engine/Content/Functions/Engine_MaterialFunctions01/Gradient/RadialGradient.uasset" 222
"../../../../../Assignment game file/Content/StarterContent/Particles/Materials/M_radial_ramp.uasset" 223
"../../../../../Assignment game file/Content/StarterContent/Particles/Materials/m_flare_01.uasset" 224
"../../../../../Assignment game file/Content/StarterContent/Textures/T_Explosion_SubUV.uasset" 225
"../../../../../Assignment game file/Content/StarterContent/Particles/Materials/M_explosion_subUV.uasset" 226
"../../../../../Assignment game file/Content/StarterContent/Textures/T_Burst_M.uasset" 227
"../../../../../Assignment game file/Content/StarterContent/Particles/Materials/M_Burst.uasset" 228
"../../../../../Assignment game file/Content/StarterContent/Particles/P_Explosion.uasset" 229
"../../../../../Assignment game file/Content/AssignmentWork/Blueprints/Player/ThrowFire.uasset" 230
"../../../../../Assignment game file/Content/SmallAdventureGameAssets/Characters/Animations/Running.uasset" 231
"../../../../../Assignment game file/Content/SmallAdventureGameAssets/Characters/Animations/Sprint.uasset" 232
"../../../../../Assignment game file/Content/AssignmentWork/Blueprints/Player/APlayer_BS.uasset" 233
"../../../../../Assignment game file/Content/AssignmentWork/Blueprints/Player/APlayer_AnimBP.uasset" 234
"../../../../../Assignment game file/Content/AssignmentWork/Blueprints/Player/APlayer.uasset" 235
"../../../../../Assignment game file/Content/AssignmentWork/Assignment_GM.uasset" 236
"../../../../../Assignment game file/Content/AssignmentWork/EndSeq.uasset" 237
"../../../../../Assignment game file/Content/AssignmentWork/Maps/Assignment_Level_BuiltData.uasset" 238
"../../../Engine/Content/Functions/Engine_MaterialFunctions02/ExampleContent/Textures/water_n.uasset" 239
"../../../../../Assignment game file/Content/AssignmentWork/Materials/Water_Mat.uasset" 240
"../../../../../Assignment game file/Content/AssignmentWork/Materials/Water_Mat_Inst.uasset" 241
"../../../../../Assignment game file/Content/AssignmentWork/UI/Hints.uasset" 242
"../../../../../Assignment game file/Content/SmallAdventureGameAssets/Characters/Animations/Waving.uasset" 243
"../../../../../Assignment game file/Content/SmallAdventureGameAssets/PlatformerAssets/gold.uasset" 244
"../../../../../Assignment game file/Content/SmallAdventureGameAssets/PlatformerAssets/blockDirt_blockDirt.uasset" 245
"../../../../../Assignment game file/Content/SmallAdventureGameAssets/PlatformerAssets/grass.uasset" 246
"../../../../../Assignment game file/Content/SmallAdventureGameAssets/PlatformerAssets/block_block.uasset" 247
"../../../../../Assignment game file/Content/SmallAdventureGameAssets/PlatformerAssets/rocks_rocks.uasset" 248
"../../../../../Assignment game file/Content/SmallAdventureGameAssets/PlatformerAssets/tree_tree.uasset" 249
"../../../Engine/Content/BasicShapes/Plane.uasset" 250
"../../../../../Assignment game file/Content/SmallAdventureGameAssets/PlatformerAssets/metal.uasset" 251
"../../../../../Assignment game file/Content/SmallAdventureGameAssets/PlatformerAssets/spikesHidden_spikesHidden.uasset" 252
"../../../../../Assignment game file/Content/SmallAdventureGameAssets/PlatformerAssets/spikes_spikes.uasset" 253
"../../../../../Assignment game file/Content/AssignmentWork/Blueprints/LevelObstacles/Spikes.uasset" 254
"../../../../../Assignment game file/Content/SmallAdventureGameAssets/Skins/skin_adventurer_Mat1.uasset" 255
"../../../../../Assignment game file/Content/AssignmentWork/Materials/EnemyFire.uasset" 256
"../../../../../Assignment game file/Content/AssignmentWork/Blueprints/EnemyAI/ThrowFireEnemy.uasset" 257
"../../../../../Assignment game file/Content/AssignmentWork/Blueprints/EnemyAI/Enemy_AnimBP.uasset" 258
"../../../../../Assignment game file/Content/AssignmentWork/Blueprints/EnemyAI/EnemyAI.uasset" 259
"../../../../../Assignment game file/Content/AssignmentWork/Materials/Gold.uasset" 260
"../../../../../Assignment game file/Content/SmallAdventureGameAssets/PlatformerAssets/key_key.uasset" 261
"../../../Engine/Content/VREditor/Sounds/UI/Dockable_Window_Pick_Up.uasset" 262
"../../../../../Assignment game file/Content/AssignmentWork/Blueprints/Key.uasset" 263
"../../../../../Assignment game file/Content/AssignmentWork/Materials/Hearts.uasset" 264
"../../../../../Assignment game file/Content/SmallAdventureGameAssets/PlatformerAssets/dirt.uasset" 265
"../../../../../Assignment game file/Content/SmallAdventureGameAssets/PlatformerAssets/coinGold_coin.uasset" 266
"../../../../../Assignment game file/Content/AssignmentWork/Blueprints/Hearts.uasset" 267
"../../../../../Assignment game file/Content/SmallAdventureGameAssets/PlatformerAssets/wood.uasset" 268
"../../../../../Assignment game file/Content/SmallAdventureGameAssets/PlatformerAssets/door_door_1.uasset" 269
"../../../Engine/Content/BasicShapes/Cube.uasset" 270
"../../../Engine/Content/BasicShapes/BasicShapeMaterial.uasset" 271
"../../../../../Assignment game file/Content/AssignmentWork/Blueprints/Door.uasset" 272
"../../../../../Assignment game file/Content/AssignmentWork/Blueprints/Coins.uasset" 273
"../../../Engine/Content/EngineSky/T_Sky_Stars.uasset" 274
"../../../Engine/Content/EngineSky/T_Sky_Clouds_M.uasset" 275
"../../../Engine/Content/EngineSky/T_Sky_Blue.uasset" 276
"../../../Engine/Content/EngineSky/M_Sky_Panning_Clouds2.uasset" 277
"../../../Engine/Content/EngineSky/SM_SkySphere.uasset" 278
"../../../Engine/Content/EngineSky/C_Sky_Zenith_Color.uasset" 279
"../../../Engine/Content/EngineSky/C_Sky_Horizon_Color.uasset" 280
"../../../Engine/Content/EngineSky/C_Sky_Cloud_Color.uasset" 281
"../../../Engine/Content/EngineSky/BP_Sky_Sphere.uasset" 282
"../../../../../Assignment game file/Content/AssignmentWork/Maps/Assignment_Level.umap" 283
"../../../Engine/Content/Maps/Entry_BuiltData.uasset" 284
"../../../Engine/Content/Maps/Entry.umap" 285
